Determining if the pthread_create exist failed with the following output:
Change Dir: /afs/deptinfo-st.univ-fcomte.fr/users/ncourvoi/Bureau/TL/automate/build/CMakeFiles/CMakeTmp

Run Build Command:"/usr/bin/make" "cmTC_1e615/fast"
/usr/bin/make -f CMakeFiles/cmTC_1e615.dir/build.make CMakeFiles/cmTC_1e615.dir/build
make[1] : on entre dans le répertoire « /afs/deptinfo-st.univ-fcomte.fr/users/ncourvoi/Bureau/TL/automate/build/CMakeFiles/CMakeTmp »
Building C object CMakeFiles/cmTC_1e615.dir/CheckSymbolExists.c.o
/usr/bin/cc     -o CMakeFiles/cmTC_1e615.dir/CheckSymbolExists.c.o   -c /afs/deptinfo-st.univ-fcomte.fr/users/ncourvoi/Bureau/TL/automate/build/CMakeFiles/CMakeTmp/CheckSymbolExists.c
Linking C executable cmTC_1e615
/usr/bin/cmake -E cmake_link_script CMakeFiles/cmTC_1e615.dir/link.txt --verbose=1
/usr/bin/cc       CMakeFiles/cmTC_1e615.dir/CheckSymbolExists.c.o  -o cmTC_1e615 -rdynamic 
CMakeFiles/cmTC_1e615.dir/CheckSymbolExists.c.o : Dans la fonction « main » :
CheckSymbolExists.c:(.text+0x16) : référence indéfinie vers « pthread_create »
collect2: error: ld returned 1 exit status
CMakeFiles/cmTC_1e615.dir/build.make:97 : la recette pour la cible « cmTC_1e615 » a échouée
make[1]: *** [cmTC_1e615] Erreur 1
make[1] : on quitte le répertoire « /afs/deptinfo-st.univ-fcomte.fr/users/ncourvoi/Bureau/TL/automate/build/CMakeFiles/CMakeTmp »
Makefile:126 : la recette pour la cible « cmTC_1e615/fast » a échouée
make: *** [cmTC_1e615/fast] Erreur 2

File /afs/deptinfo-st.univ-fcomte.fr/users/ncourvoi/Bureau/TL/automate/build/CMakeFiles/CMakeTmp/CheckSymbolExists.c:
/* */
#include <pthread.h>

int main(int argc, char** argv)
{
  (void)argv;
#ifndef pthread_create
  return ((int*)(&pthread_create))[argc];
#else
  (void)argc;
  return 0;
#endif
}

Determining if the function pthread_create exists in the pthreads failed with the following output:
Change Dir: /afs/deptinfo-st.univ-fcomte.fr/users/ncourvoi/Bureau/TL/automate/build/CMakeFiles/CMakeTmp

Run Build Command:"/usr/bin/make" "cmTC_a6f20/fast"
/usr/bin/make -f CMakeFiles/cmTC_a6f20.dir/build.make CMakeFiles/cmTC_a6f20.dir/build
make[1] : on entre dans le répertoire « /afs/deptinfo-st.univ-fcomte.fr/users/ncourvoi/Bureau/TL/automate/build/CMakeFiles/CMakeTmp »
Building C object CMakeFiles/cmTC_a6f20.dir/CheckFunctionExists.c.o
/usr/bin/cc    -DCHECK_FUNCTION_EXISTS=pthread_create   -o CMakeFiles/cmTC_a6f20.dir/CheckFunctionExists.c.o   -c /usr/share/cmake-3.5/Modules/CheckFunctionExists.c
Linking C executable cmTC_a6f20
/usr/bin/cmake -E cmake_link_script CMakeFiles/cmTC_a6f20.dir/link.txt --verbose=1
/usr/bin/cc   -DCHECK_FUNCTION_EXISTS=pthread_create    CMakeFiles/cmTC_a6f20.dir/CheckFunctionExists.c.o  -o cmTC_a6f20 -rdynamic -lpthreads 
/usr/bin/ld : ne peut trouver -lpthreads
collect2: error: ld returned 1 exit status
CMakeFiles/cmTC_a6f20.dir/build.make:97 : la recette pour la cible « cmTC_a6f20 » a échouée
make[1]: *** [cmTC_a6f20] Erreur 1
make[1] : on quitte le répertoire « /afs/deptinfo-st.univ-fcomte.fr/users/ncourvoi/Bureau/TL/automate/build/CMakeFiles/CMakeTmp »
Makefile:126 : la recette pour la cible « cmTC_a6f20/fast » a échouée
make: *** [cmTC_a6f20/fast] Erreur 2


